[2025-01-22 09:29:27] local.ERROR: Class "DOMDocument" not found {"exception":"[object] (Error(code: 0): Class \"DOMDocument\" not found at /media/thdong/OS/Users/ASUS-PRO/OneDrive/PSCD/Training Projects/blog_app/vendor/nunomaduro/termwind/src/HtmlRenderer.php:32)
[stacktrace]
#0 /media/thdong/OS/Users/ASUS-PRO/OneDrive/PSCD/Training Projects/blog_app/vendor/nunomaduro/termwind/src/HtmlRenderer.php(24): Termwind\\HtmlRenderer->parse()
#1 /media/thdong/OS/Users/ASUS-PRO/OneDrive/PSCD/Training Projects/blog_app/vendor/nunomaduro/termwind/src/Functions.php(41): Termwind\\HtmlRenderer->render()
#2 /media/thdong/OS/Users/ASUS-PRO/OneDrive/PSCD/Training Projects/blog_app/vendor/laravel/framework/src/Illuminate/Console/View/Components/Component.php(52): Termwind\\render()
#3 /media/thdong/OS/Users/ASUS-PRO/OneDrive/PSCD/Training Projects/blog_app/vendor/laravel/framework/src/Illuminate/Console/View/Components/Line.php(54): Illuminate\\Console\\View\\Components\\Component->renderView()
#4 /media/thdong/OS/Users/ASUS-PRO/OneDrive/PSCD/Training Projects/blog_app/vendor/laravel/framework/src/Illuminate/Console/View/Components/Info.php(18): Illuminate\\Console\\View\\Components\\Line->render()
#5 /media/thdong/OS/Users/ASUS-PRO/OneDrive/PSCD/Training Projects/blog_app/vendor/laravel/framework/src/Illuminate/Console/View/Components/Factory.php(60): Illuminate\\Console\\View\\Components\\Info->render()
#6 /media/thdong/OS/Users/ASUS-PRO/OneDrive/PSCD/Training Projects/blog_app/vendor/laravel/framework/src/Illuminate/Queue/Console/ListenCommand.php(73): Illuminate\\Console\\View\\Components\\Factory->__call()
#7 /media/thdong/OS/Users/ASUS-PRO/OneDrive/PSCD/Training Projects/blog_app/vendor/laravel/framework/src/Illuminate/Container/BoundMethod.php(36): Illuminate\\Queue\\Console\\ListenCommand->handle()
#8 /media/thdong/OS/Users/ASUS-PRO/OneDrive/PSCD/Training Projects/blog_app/vendor/laravel/framework/src/Illuminate/Container/Util.php(43): Illuminate\\Container\\BoundMethod::Illuminate\\Container\\{closure}()
#9 /media/thdong/OS/Users/ASUS-PRO/OneDrive/PSCD/Training Projects/blog_app/vendor/laravel/framework/src/Illuminate/Container/BoundMethod.php(95): Illuminate\\Container\\Util::unwrapIfClosure()
#10 /media/thdong/OS/Users/ASUS-PRO/OneDrive/PSCD/Training Projects/blog_app/vendor/laravel/framework/src/Illuminate/Container/BoundMethod.php(35): Illuminate\\Container\\BoundMethod::callBoundMethod()
#11 /media/thdong/OS/Users/ASUS-PRO/OneDrive/PSCD/Training Projects/blog_app/vendor/laravel/framework/src/Illuminate/Container/Container.php(694): Illuminate\\Container\\BoundMethod::call()
#12 /media/thdong/OS/Users/ASUS-PRO/OneDrive/PSCD/Training Projects/blog_app/vendor/laravel/framework/src/Illuminate/Console/Command.php(213): Illuminate\\Container\\Container->call()
#13 /media/thdong/OS/Users/ASUS-PRO/OneDrive/PSCD/Training Projects/blog_app/vendor/symfony/console/Command/Command.php(279): Illuminate\\Console\\Command->execute()
#14 /media/thdong/OS/Users/ASUS-PRO/OneDrive/PSCD/Training Projects/blog_app/vendor/laravel/framework/src/Illuminate/Console/Command.php(182): Symfony\\Component\\Console\\Command\\Command->run()
#15 /media/thdong/OS/Users/ASUS-PRO/OneDrive/PSCD/Training Projects/blog_app/vendor/symfony/console/Application.php(1094): Illuminate\\Console\\Command->run()
#16 /media/thdong/OS/Users/ASUS-PRO/OneDrive/PSCD/Training Projects/blog_app/vendor/symfony/console/Application.php(342): Symfony\\Component\\Console\\Application->doRunCommand()
#17 /media/thdong/OS/Users/ASUS-PRO/OneDrive/PSCD/Training Projects/blog_app/vendor/symfony/console/Application.php(193): Symfony\\Component\\Console\\Application->doRun()
#18 /media/thdong/OS/Users/ASUS-PRO/OneDrive/PSCD/Training Projects/blog_app/vendor/laravel/framework/src/Illuminate/Foundation/Console/Kernel.php(198): Symfony\\Component\\Console\\Application->run()
#19 /media/thdong/OS/Users/ASUS-PRO/OneDrive/PSCD/Training Projects/blog_app/vendor/laravel/framework/src/Illuminate/Foundation/Application.php(1208): Illuminate\\Foundation\\Console\\Kernel->handle()
#20 /media/thdong/OS/Users/ASUS-PRO/OneDrive/PSCD/Training Projects/blog_app/artisan(13): Illuminate\\Foundation\\Application->handleCommand()
#21 {main}
"} 
[2025-01-22 09:29:27] local.ERROR: Class "DOMDocument" not found {"exception":"[object] (Error(code: 0): Class \"DOMDocument\" not found at /media/thdong/OS/Users/ASUS-PRO/OneDrive/PSCD/Training Projects/blog_app/vendor/nunomaduro/termwind/src/HtmlRenderer.php:32)
[stacktrace]
#0 /media/thdong/OS/Users/ASUS-PRO/OneDrive/PSCD/Training Projects/blog_app/vendor/nunomaduro/termwind/src/HtmlRenderer.php(24): Termwind\\HtmlRenderer->parse()
#1 /media/thdong/OS/Users/ASUS-PRO/OneDrive/PSCD/Training Projects/blog_app/vendor/nunomaduro/termwind/src/Functions.php(41): Termwind\\HtmlRenderer->render()
#2 /media/thdong/OS/Users/ASUS-PRO/OneDrive/PSCD/Training Projects/blog_app/vendor/laravel/framework/src/Illuminate/Console/View/Components/Component.php(52): Termwind\\render()
#3 /media/thdong/OS/Users/ASUS-PRO/OneDrive/PSCD/Training Projects/blog_app/vendor/laravel/framework/src/Illuminate/Console/View/Components/Line.php(54): Illuminate\\Console\\View\\Components\\Component->renderView()
#4 /media/thdong/OS/Users/ASUS-PRO/OneDrive/PSCD/Training Projects/blog_app/vendor/laravel/framework/src/Illuminate/Console/View/Components/Info.php(18): Illuminate\\Console\\View\\Components\\Line->render()
#5 /media/thdong/OS/Users/ASUS-PRO/OneDrive/PSCD/Training Projects/blog_app/vendor/laravel/framework/src/Illuminate/Console/View/Components/Factory.php(60): Illuminate\\Console\\View\\Components\\Info->render()
#6 /media/thdong/OS/Users/ASUS-PRO/OneDrive/PSCD/Training Projects/blog_app/vendor/laravel/framework/src/Illuminate/Foundation/Console/ServeCommand.php(287): Illuminate\\Console\\View\\Components\\Factory->__call()
#7 /media/thdong/OS/Users/ASUS-PRO/OneDrive/PSCD/Training Projects/blog_app/vendor/laravel/framework/src/Illuminate/Collections/Traits/EnumeratesValues.php(259): Illuminate\\Foundation\\Console\\ServeCommand->Illuminate\\Foundation\\Console\\{closure}()
#8 /media/thdong/OS/Users/ASUS-PRO/OneDrive/PSCD/Training Projects/blog_app/vendor/laravel/framework/src/Illuminate/Foundation/Console/ServeCommand.php(282): Illuminate\\Support\\Collection->each()
#9 /media/thdong/OS/Users/ASUS-PRO/OneDrive/PSCD/Training Projects/blog_app/vendor/laravel/framework/src/Illuminate/Foundation/Console/ServeCommand.php(264): Illuminate\\Foundation\\Console\\ServeCommand->flushOutputBuffer()
#10 /media/thdong/OS/Users/ASUS-PRO/OneDrive/PSCD/Training Projects/blog_app/vendor/symfony/process/Process.php(1312): Illuminate\\Foundation\\Console\\ServeCommand->Illuminate\\Foundation\\Console\\{closure}()
#11 /media/thdong/OS/Users/ASUS-PRO/OneDrive/PSCD/Training Projects/blog_app/vendor/symfony/process/Process.php(1423): Symfony\\Component\\Process\\Process->Symfony\\Component\\Process\\{closure}()
#12 /media/thdong/OS/Users/ASUS-PRO/OneDrive/PSCD/Training Projects/blog_app/vendor/symfony/process/Process.php(1343): Symfony\\Component\\Process\\Process->readPipes()
#13 /media/thdong/OS/Users/ASUS-PRO/OneDrive/PSCD/Training Projects/blog_app/vendor/symfony/process/Process.php(866): Symfony\\Component\\Process\\Process->updateStatus()
#14 /media/thdong/OS/Users/ASUS-PRO/OneDrive/PSCD/Training Projects/blog_app/vendor/laravel/framework/src/Illuminate/Foundation/Console/ServeCommand.php(108): Symfony\\Component\\Process\\Process->isRunning()
#15 /media/thdong/OS/Users/ASUS-PRO/OneDrive/PSCD/Training Projects/blog_app/vendor/laravel/framework/src/Illuminate/Container/BoundMethod.php(36): Illuminate\\Foundation\\Console\\ServeCommand->handle()
#16 /media/thdong/OS/Users/ASUS-PRO/OneDrive/PSCD/Training Projects/blog_app/vendor/laravel/framework/src/Illuminate/Container/Util.php(43): Illuminate\\Container\\BoundMethod::Illuminate\\Container\\{closure}()
#17 /media/thdong/OS/Users/ASUS-PRO/OneDrive/PSCD/Training Projects/blog_app/vendor/laravel/framework/src/Illuminate/Container/BoundMethod.php(95): Illuminate\\Container\\Util::unwrapIfClosure()
#18 /media/thdong/OS/Users/ASUS-PRO/OneDrive/PSCD/Training Projects/blog_app/vendor/laravel/framework/src/Illuminate/Container/BoundMethod.php(35): Illuminate\\Container\\BoundMethod::callBoundMethod()
#19 /media/thdong/OS/Users/ASUS-PRO/OneDrive/PSCD/Training Projects/blog_app/vendor/laravel/framework/src/Illuminate/Container/Container.php(694): Illuminate\\Container\\BoundMethod::call()
#20 /media/thdong/OS/Users/ASUS-PRO/OneDrive/PSCD/Training Projects/blog_app/vendor/laravel/framework/src/Illuminate/Console/Command.php(213): Illuminate\\Container\\Container->call()
#21 /media/thdong/OS/Users/ASUS-PRO/OneDrive/PSCD/Training Projects/blog_app/vendor/symfony/console/Command/Command.php(279): Illuminate\\Console\\Command->execute()
#22 /media/thdong/OS/Users/ASUS-PRO/OneDrive/PSCD/Training Projects/blog_app/vendor/laravel/framework/src/Illuminate/Console/Command.php(182): Symfony\\Component\\Console\\Command\\Command->run()
#23 /media/thdong/OS/Users/ASUS-PRO/OneDrive/PSCD/Training Projects/blog_app/vendor/symfony/console/Application.php(1094): Illuminate\\Console\\Command->run()
#24 /media/thdong/OS/Users/ASUS-PRO/OneDrive/PSCD/Training Projects/blog_app/vendor/symfony/console/Application.php(342): Symfony\\Component\\Console\\Application->doRunCommand()
#25 /media/thdong/OS/Users/ASUS-PRO/OneDrive/PSCD/Training Projects/blog_app/vendor/symfony/console/Application.php(193): Symfony\\Component\\Console\\Application->doRun()
#26 /media/thdong/OS/Users/ASUS-PRO/OneDrive/PSCD/Training Projects/blog_app/vendor/laravel/framework/src/Illuminate/Foundation/Console/Kernel.php(198): Symfony\\Component\\Console\\Application->run()
#27 /media/thdong/OS/Users/ASUS-PRO/OneDrive/PSCD/Training Projects/blog_app/vendor/laravel/framework/src/Illuminate/Foundation/Application.php(1208): Illuminate\\Foundation\\Console\\Kernel->handle()
#28 /media/thdong/OS/Users/ASUS-PRO/OneDrive/PSCD/Training Projects/blog_app/artisan(13): Illuminate\\Foundation\\Application->handleCommand()
#29 {main}
"} 
